# JRE version: OpenJDK Runtime Environment Temurin-21.0.10+7 (21.0.10+7) (build 21.0.10+7-LTS)
# Java VM: OpenJDK 64-Bit Server VM Temurin-21.0.10+7 (21.0.10+7-LTS, mixed mode, sharing, tiered, compressed oops, compressed class ptrs, parallel gc, windows-amd64)
GC Precious Log:
 CardTable entry size: 512
 CPUs: 8 total, 8 available
 Memory: 15782M
 Large Page Support: Disabled
 NUMA Support: Disabled
 Compressed Oops: Enabled (32-bit)
 Alignments: Space 512K, Generation 512K, Heap 2M
 Heap Min Capacity: 100M
 Heap Initial Capacity: 100M
 Heap Max Capacity: 2G
 Pre-touch: Disabled
 Parallel Workers: 8
Heap:
 PSYoungGen      total 22528K, used 11507K [0x00000000d5580000, 0x00000000d6e00000, 0x0000000100000000)
  eden space 22016K, 49% used [0x00000000d5580000,0x00000000d603ed90,0x00000000d6b00000)
  from space 512K, 98% used [0x00000000d6d00000,0x00000000d6d7e1a8,0x00000000d6d80000)
  to   space 512K, 0% used [0x00000000d6d80000,0x00000000d6d80000,0x00000000d6e00000)
 ParOldGen       total 68608K, used 45920K [0x0000000080000000, 0x0000000084300000, 0x00000000d5580000)
  object space 68608K, 66% used [0x0000000080000000,0x0000000082cd81c8,0x0000000084300000)
 Metaspace       used 70740K, committed 72320K, reserved 1114112K
  class space    used 8880K, committed 9600K, reserved 1048576K
GC Heap History (20 events):
Event: 27.709 GC heap before
{Heap before GC invocations=41 (full 3):
 PSYoungGen      total 22528K, used 22506K [0x00000000d5580000, 0x00000000d6e80000, 0x0000000100000000)
  eden space 22016K, 100% used [0x00000000d5580000,0x00000000d6b00000,0x00000000d6b00000)
  from space 512K, 95% used [0x00000000d6d80000,0x00000000d6dfaa70,0x00000000d6e00000)
  to   space 512K, 0% used [0x00000000d6e00000,0x00000000d6e00000,0x00000000d6e80000)
 ParOldGen       total 68608K, used 43660K [0x0000000080000000, 0x0000000084300000, 0x00000000d5580000)
  object space 68608K, 63% used [0x0000000080000000,0x0000000082aa3220,0x0000000084300000)
 Metaspace       used 65516K, committed 66816K, reserved 1114112K
  class space    used 8252K, committed 8832K, reserved 1048576K
}
Event: 27.709 GC heap after
{Heap after GC invocations=41 (full 3):
 PSYoungGen      total 22528K, used 502K [0x00000000d5580000, 0x00000000d6e80000, 0x0000000100000000)
  eden space 22016K, 0% used [0x00000000d5580000,0x00000000d5580000,0x00000000d6b00000)
  from space 512K, 98% used [0x00000000d6e00000,0x00000000d6e7db70,0x00000000d6e80000)
  to   space 1024K, 0% used [0x00000000d6c80000,0x00000000d6c80000,0x00000000d6d80000)
 ParOldGen       total 68608K, used 43879K [0x0000000080000000, 0x0000000084300000, 0x00000000d5580000)
  object space 68608K, 63% used [0x0000000080000000,0x0000000082ad9ed0,0x0000000084300000)
 Metaspace       used 65516K, committed 66816K, reserved 1114112K
  class space    used 8252K, committed 8832K, reserved 1048576K
}
Event: 28.029 GC heap before
{Heap before GC invocations=42 (full 3):
 PSYoungGen      total 22528K, used 22518K [0x00000000d5580000, 0x00000000d6e80000, 0x0000000100000000)
  eden space 22016K, 100% used [0x00000000d5580000,0x00000000d6b00000,0x00000000d6b00000)
  from space 512K, 98% used [0x00000000d6e00000,0x00000000d6e7db70,0x00000000d6e80000)
  to   space 1024K, 0% used [0x00000000d6c80000,0x00000000d6c80000,0x00000000d6d80000)
 ParOldGen       total 68608K, used 43879K [0x0000000080000000, 0x0000000084300000, 0x00000000d5580000)
  object space 68608K, 63% used [0x0000000080000000,0x0000000082ad9ed0,0x0000000084300000)
 Metaspace       used 65520K, committed 66816K, reserved 1114112K
  class space    used 8252K, committed 8832K, reserved 1048576K
}
Event: 28.034 GC heap after
{Heap after GC invocations=42 (full 3):
 PSYoungGen      total 23040K, used 1000K [0x00000000d5580000, 0x00000000d6e80000, 0x0000000100000000)
  eden space 22016K, 0% used [0x00000000d5580000,0x00000000d5580000,0x00000000d6b00000)
  from space 1024K, 97% used [0x00000000d6c80000,0x00000000d6d7a258,0x00000000d6d80000)
  to   space 1024K, 0% used [0x00000000d6d80000,0x00000000d6d80000,0x00000000d6e80000)
 ParOldGen       total 68608K, used 43919K [0x0000000080000000, 0x0000000084300000, 0x00000000d5580000)
  object space 68608K, 64% used [0x0000000080000000,0x0000000082ae3ed0,0x0000000084300000)
 Metaspace       used 65520K, committed 66816K, reserved 1114112K
  class space    used 8252K, committed 8832K, reserved 1048576K
}
Event: 28.350 GC heap before
{Heap before GC invocations=43 (full 3):
 PSYoungGen      total 23040K, used 23016K [0x00000000d5580000, 0x00000000d6e80000, 0x0000000100000000)
  eden space 22016K, 100% used [0x00000000d5580000,0x00000000d6b00000,0x00000000d6b00000)
  from space 1024K, 97% used [0x00000000d6c80000,0x00000000d6d7a258,0x00000000d6d80000)
  to   space 1024K, 0% used [0x00000000d6d80000,0x00000000d6d80000,0x00000000d6e80000)
 ParOldGen       total 68608K, used 43919K [0x0000000080000000, 0x0000000084300000, 0x00000000d5580000)
  object space 68608K, 64% used [0x0000000080000000,0x0000000082ae3ed0,0x0000000084300000)
 Metaspace       used 65520K, committed 66816K, reserved 1114112K
  class space    used 8252K, committed 8832K, reserved 1048576K
}
Event: 28.351 GC heap after
{Heap after GC invocations=43 (full 3):
 PSYoungGen      total 23040K, used 1006K [0x00000000d5580000, 0x00000000d6e80000, 0x0000000100000000)
  eden space 22016K, 0% used [0x00000000d5580000,0x00000000d5580000,0x00000000d6b00000)
  from space 1024K, 98% used [0x00000000d6d80000,0x00000000d6e7b990,0x00000000d6e80000)
  to   space 1024K, 0% used [0x00000000d6c80000,0x00000000d6c80000,0x00000000d6d80000)
 ParOldGen       total 68608K, used 43983K [0x0000000080000000, 0x0000000084300000, 0x00000000d5580000)
  object space 68608K, 64% used [0x0000000080000000,0x0000000082af3ed0,0x0000000084300000)
 Metaspace       used 65520K, committed 66816K, reserved 1114112K
  class space    used 8252K, committed 8832K, reserved 1048576K
}
Event: 29.828 GC heap before
{Heap before GC invocations=44 (full 3):
 PSYoungGen      total 23040K, used 23022K [0x00000000d5580000, 0x00000000d6e80000, 0x0000000100000000)
  eden space 22016K, 100% used [0x00000000d5580000,0x00000000d6b00000,0x00000000d6b00000)
  from space 1024K, 98% used [0x00000000d6d80000,0x00000000d6e7b990,0x00000000d6e80000)
  to   space 1024K, 0% used [0x00000000d6c80000,0x00000000d6c80000,0x00000000d6d80000)
 ParOldGen       total 68608K, used 43983K [0x0000000080000000, 0x0000000084300000, 0x00000000d5580000)
  object space 68608K, 64% used [0x0000000080000000,0x0000000082af3ed0,0x0000000084300000)
 Metaspace       used 67142K, committed 68416K, reserved 1114112K
  class space    used 8466K, committed 9024K, reserved 1048576K
}
Event: 29.831 GC heap after
{Heap after GC invocations=44 (full 3):
 PSYoungGen      total 23040K, used 544K [0x00000000d5580000, 0x00000000d6e00000, 0x0000000100000000)
  eden space 22016K, 0% used [0x00000000d5580000,0x00000000d5580000,0x00000000d6b00000)
  from space 1024K, 53% used [0x00000000d6c80000,0x00000000d6d08010,0x00000000d6d80000)
  to   space 512K, 0% used [0x00000000d6d80000,0x00000000d6d80000,0x00000000d6e00000)
 ParOldGen       total 68608K, used 43999K [0x0000000080000000, 0x0000000084300000, 0x00000000d5580000)
  object space 68608K, 64% used [0x0000000080000000,0x0000000082af7ed0,0x0000000084300000)
 Metaspace       used 67142K, committed 68416K, reserved 1114112K
  class space    used 8466K, committed 9024K, reserved 1048576K
}
Event: 58.902 GC heap before
{Heap before GC invocations=45 (full 3):
 PSYoungGen      total 23040K, used 22560K [0x00000000d5580000, 0x00000000d6e00000, 0x0000000100000000)
  eden space 22016K, 100% used [0x00000000d5580000,0x00000000d6b00000,0x00000000d6b00000)
  from space 1024K, 53% used [0x00000000d6c80000,0x00000000d6d08010,0x00000000d6d80000)
  to   space 512K, 0% used [0x00000000d6d80000,0x00000000d6d80000,0x00000000d6e00000)
 ParOldGen       total 68608K, used 43999K [0x0000000080000000, 0x0000000084300000, 0x00000000d5580000)
  object space 68608K, 64% used [0x0000000080000000,0x0000000082af7ed0,0x0000000084300000)
 Metaspace       used 68210K, committed 69568K, reserved 1114112K
  class space    used 8565K, committed 9216K, reserved 1048576K
}
Event: 58.904 GC heap after
{Heap after GC invocations=45 (full 3):
 PSYoungGen      total 22528K, used 496K [0x00000000d5580000, 0x00000000d6e00000, 0x0000000100000000)
  eden space 22016K, 0% used [0x00000000d5580000,0x00000000d5580000,0x00000000d6b00000)
  from space 512K, 96% used [0x00000000d6d80000,0x00000000d6dfc010,0x00000000d6e00000)
  to   space 1024K, 0% used [0x00000000d6c00000,0x00000000d6c00000,0x00000000d6d00000)
 ParOldGen       total 68608K, used 44391K [0x0000000080000000, 0x0000000084300000, 0x00000000d5580000)
  object space 68608K, 64% used [0x0000000080000000,0x0000000082b59ee0,0x0000000084300000)
 Metaspace       used 68210K, committed 69568K, reserved 1114112K
  class space    used 8565K, committed 9216K, reserved 1048576K
}
Event: 60.454 GC heap before
{Heap before GC invocations=46 (full 3):
 PSYoungGen      total 22528K, used 22512K [0x00000000d5580000, 0x00000000d6e00000, 0x0000000100000000)
  eden space 22016K, 100% used [0x00000000d5580000,0x00000000d6b00000,0x00000000d6b00000)
  from space 512K, 96% used [0x00000000d6d80000,0x00000000d6dfc010,0x00000000d6e00000)
  to   space 1024K, 0% used [0x00000000d6c00000,0x00000000d6c00000,0x00000000d6d00000)
 ParOldGen       total 68608K, used 44391K [0x0000000080000000, 0x0000000084300000, 0x00000000d5580000)
  object space 68608K, 64% used [0x0000000080000000,0x0000000082b59ee0,0x0000000084300000)
 Metaspace       used 68210K, committed 69568K, reserved 1114112K
  class space    used 8565K, committed 9216K, reserved 1048576K
}
Event: 60.456 GC heap after
{Heap after GC invocations=46 (full 3):
 PSYoungGen      total 23040K, used 160K [0x00000000d5580000, 0x00000000d6e00000, 0x0000000100000000)
  eden space 22016K, 0% used [0x00000000d5580000,0x00000000d5580000,0x00000000d6b00000)
  from space 1024K, 15% used [0x00000000d6c00000,0x00000000d6c28000,0x00000000d6d00000)
  to   space 512K, 0% used [0x00000000d6d80000,0x00000000d6d80000,0x00000000d6e00000)
 ParOldGen       total 68608K, used 44859K [0x0000000080000000, 0x0000000084300000, 0x00000000d5580000)
  object space 68608K, 65% used [0x0000000080000000,0x0000000082bcef10,0x0000000084300000)
 Metaspace       used 68210K, committed 69568K, reserved 1114112K
  class space    used 8565K, committed 9216K, reserved 1048576K
}
Event: 70.569 GC heap before
{Heap before GC invocations=47 (full 3):
 PSYoungGen      total 23040K, used 22176K [0x00000000d5580000, 0x00000000d6e00000, 0x0000000100000000)
  eden space 22016K, 100% used [0x00000000d5580000,0x00000000d6b00000,0x00000000d6b00000)
  from space 1024K, 15% used [0x00000000d6c00000,0x00000000d6c28000,0x00000000d6d00000)
  to   space 512K, 0% used [0x00000000d6d80000,0x00000000d6d80000,0x00000000d6e00000)
 ParOldGen       total 68608K, used 44859K [0x0000000080000000, 0x0000000084300000, 0x00000000d5580000)
  object space 68608K, 65% used [0x0000000080000000,0x0000000082bcef10,0x0000000084300000)
 Metaspace       used 68341K, committed 69760K, reserved 1114112K
  class space    used 8584K, committed 9216K, reserved 1048576K
}
Event: 70.571 GC heap after
{Heap after GC invocations=47 (full 3):
 PSYoungGen      total 22528K, used 352K [0x00000000d5580000, 0x00000000d6e00000, 0x0000000100000000)
  eden space 22016K, 0% used [0x00000000d5580000,0x00000000d5580000,0x00000000d6b00000)
  from space 512K, 68% used [0x00000000d6d80000,0x00000000d6dd8010,0x00000000d6e00000)
  to   space 512K, 0% used [0x00000000d6d00000,0x00000000d6d00000,0x00000000d6d80000)
 ParOldGen       total 68608K, used 44883K [0x0000000080000000, 0x0000000084300000, 0x00000000d5580000)
  object space 68608K, 65% used [0x0000000080000000,0x0000000082bd4f10,0x0000000084300000)
 Metaspace       used 68341K, committed 69760K, reserved 1114112K
  class space    used 8584K, committed 9216K, reserved 1048576K
}
Event: 71.903 GC heap before
{Heap before GC invocations=48 (full 3):
 PSYoungGen      total 22528K, used 22368K [0x00000000d5580000, 0x00000000d6e00000, 0x0000000100000000)
  eden space 22016K, 100% used [0x00000000d5580000,0x00000000d6b00000,0x00000000d6b00000)
  from space 512K, 68% used [0x00000000d6d80000,0x00000000d6dd8010,0x00000000d6e00000)
  to   space 512K, 0% used [0x00000000d6d00000,0x00000000d6d00000,0x00000000d6d80000)
 ParOldGen       total 68608K, used 44883K [0x0000000080000000, 0x0000000084300000, 0x00000000d5580000)
  object space 68608K, 65% used [0x0000000080000000,0x0000000082bd4f10,0x0000000084300000)
 Metaspace       used 68754K, committed 70144K, reserved 1114112K
  class space    used 8651K, committed 9280K, reserved 1048576K
}
Event: 71.905 GC heap after
{Heap after GC invocations=48 (full 3):
 PSYoungGen      total 22528K, used 484K [0x00000000d5580000, 0x00000000d6e00000, 0x0000000100000000)
  eden space 22016K, 0% used [0x00000000d5580000,0x00000000d5580000,0x00000000d6b00000)
  from space 512K, 94% used [0x00000000d6d00000,0x00000000d6d793f8,0x00000000d6d80000)
  to   space 512K, 0% used [0x00000000d6d80000,0x00000000d6d80000,0x00000000d6e00000)
 ParOldGen       total 68608K, used 45283K [0x0000000080000000, 0x0000000084300000, 0x00000000d5580000)
  object space 68608K, 66% used [0x0000000080000000,0x0000000082c38f20,0x0000000084300000)
 Metaspace       used 68754K, committed 70144K, reserved 1114112K
  class space    used 8651K, committed 9280K, reserved 1048576K
}
Event: 72.532 GC heap before
{Heap before GC invocations=49 (full 3):
 PSYoungGen      total 22528K, used 22500K [0x00000000d5580000, 0x00000000d6e00000, 0x0000000100000000)
  eden space 22016K, 100% used [0x00000000d5580000,0x00000000d6b00000,0x00000000d6b00000)
  from space 512K, 94% used [0x00000000d6d00000,0x00000000d6d793f8,0x00000000d6d80000)
  to   space 512K, 0% used [0x00000000d6d80000,0x00000000d6d80000,0x00000000d6e00000)
 ParOldGen       total 68608K, used 45283K [0x0000000080000000, 0x0000000084300000, 0x00000000d5580000)
  object space 68608K, 66% used [0x0000000080000000,0x0000000082c38f20,0x0000000084300000)
 Metaspace       used 68757K, committed 70144K, reserved 1114112K
  class space    used 8652K, committed 9280K, reserved 1048576K
}
Event: 72.533 GC heap after
{Heap after GC invocations=49 (full 3):
 PSYoungGen      total 22528K, used 128K [0x00000000d5580000, 0x00000000d6e00000, 0x0000000100000000)
  eden space 22016K, 0% used [0x00000000d5580000,0x00000000d5580000,0x00000000d6b00000)
  from space 512K, 25% used [0x00000000d6d80000,0x00000000d6da0000,0x00000000d6e00000)
  to   space 512K, 0% used [0x00000000d6d00000,0x00000000d6d00000,0x00000000d6d80000)
 ParOldGen       total 68608K, used 45788K [0x0000000080000000, 0x0000000084300000, 0x00000000d5580000)
  object space 68608K, 66% used [0x0000000080000000,0x0000000082cb7338,0x0000000084300000)
 Metaspace       used 68757K, committed 70144K, reserved 1114112K
  class space    used 8652K, committed 9280K, reserved 1048576K
}
Event: 94.456 GC heap before
{Heap before GC invocations=50 (full 3):
 PSYoungGen      total 22528K, used 22137K [0x00000000d5580000, 0x00000000d6e00000, 0x0000000100000000)
  eden space 22016K, 99% used [0x00000000d5580000,0x00000000d6afe5f0,0x00000000d6b00000)
  from space 512K, 25% used [0x00000000d6d80000,0x00000000d6da0000,0x00000000d6e00000)
  to   space 512K, 0% used [0x00000000d6d00000,0x00000000d6d00000,0x00000000d6d80000)
 ParOldGen       total 68608K, used 45808K [0x0000000080000000, 0x0000000084300000, 0x00000000d5580000)
  object space 68608K, 66% used [0x0000000080000000,0x0000000082cbc1c8,0x0000000084300000)
 Metaspace       used 69526K, committed 70848K, reserved 1114112K
  class space    used 8727K, committed 9344K, reserved 1048576K
}
Event: 94.458 GC heap after
{Heap after GC invocations=50 (full 3):
 PSYoungGen      total 22528K, used 504K [0x00000000d5580000, 0x00000000d6e00000, 0x0000000100000000)
  eden space 22016K, 0% used [0x00000000d5580000,0x00000000d5580000,0x00000000d6b00000)
  from space 512K, 98% used [0x00000000d6d00000,0x00000000d6d7e1a8,0x00000000d6d80000)
  to   space 512K, 0% used [0x00000000d6d80000,0x00000000d6d80000,0x00000000d6e00000)
 ParOldGen       total 68608K, used 45920K [0x0000000080000000, 0x0000000084300000, 0x00000000d5580000)
  object space 68608K, 66% used [0x0000000080000000,0x0000000082cd81c8,0x0000000084300000)
 Metaspace       used 69526K, committed 70848K, reserved 1114112K
  class space    used 8727K, committed 9344K, reserved 1048576K
}

