# JRE version: OpenJDK Runtime Environment Temurin-21.0.10+7 (21.0.10+7) (build 21.0.10+7-LTS)
# Java VM: OpenJDK 64-Bit Server VM Temurin-21.0.10+7 (21.0.10+7-LTS, mixed mode, sharing, tiered, compressed oops, compressed class ptrs, parallel gc, windows-amd64)
GC Precious Log:
 CardTable entry size: 512
 CPUs: 8 total, 8 available
 Memory: 8035M
 Large Page Support: Disabled
 NUMA Support: Disabled
 Compressed Oops: Enabled (32-bit)
 Alignments: Space 512K, Generation 512K, Heap 2M
 Heap Min Capacity: 100M
 Heap Initial Capacity: 100M
 Heap Max Capacity: 2G
 Pre-touch: Disabled
 Parallel Workers: 8
Heap:
 PSYoungGen      total 8704K, used 1031K [0x00000000d5580000, 0x00000000d5f00000, 0x0000000100000000)
  eden space 8192K, 7% used [0x00000000d5580000,0x00000000d5621fa0,0x00000000d5d80000)
  from space 512K, 75% used [0x00000000d5e80000,0x00000000d5ee0000,0x00000000d5f00000)
  to   space 512K, 0% used [0x00000000d5e00000,0x00000000d5e00000,0x00000000d5e80000)
 ParOldGen       total 86528K, used 86234K [0x0000000080000000, 0x0000000085480000, 0x00000000d5580000)
  object space 86528K, 99% used [0x0000000080000000,0x0000000085436850,0x0000000085480000)
 Metaspace       used 65792K, committed 67200K, reserved 1114112K
  class space    used 7728K, committed 8320K, reserved 1048576K
GC Heap History (20 events):
Event: 180.686 GC heap before
{Heap before GC invocations=76 (full 3):
 PSYoungGen      total 9216K, used 9024K [0x00000000d5580000, 0x00000000d5f80000, 0x0000000100000000)
  eden space 8192K, 100% used [0x00000000d5580000,0x00000000d5d80000,0x00000000d5d80000)
  from space 1024K, 81% used [0x00000000d5e80000,0x00000000d5f50000,0x00000000d5f80000)
  to   space 1024K, 0% used [0x00000000d5d80000,0x00000000d5d80000,0x00000000d5e80000)
 ParOldGen       total 80896K, used 80528K [0x0000000080000000, 0x0000000084f00000, 0x00000000d5580000)
  object space 80896K, 99% used [0x0000000080000000,0x0000000084ea4198,0x0000000084f00000)
 Metaspace       used 65155K, committed 66560K, reserved 1114112K
  class space    used 7689K, committed 8320K, reserved 1048576K
}
Event: 180.691 GC heap after
{Heap after GC invocations=76 (full 3):
 PSYoungGen      total 9216K, used 768K [0x00000000d5580000, 0x00000000d5f80000, 0x0000000100000000)
  eden space 8192K, 0% used [0x00000000d5580000,0x00000000d5580000,0x00000000d5d80000)
  from space 1024K, 75% used [0x00000000d5d80000,0x00000000d5e40000,0x00000000d5e80000)
  to   space 1024K, 0% used [0x00000000d5e80000,0x00000000d5e80000,0x00000000d5f80000)
 ParOldGen       total 81408K, used 81293K [0x0000000080000000, 0x0000000084f80000, 0x00000000d5580000)
  object space 81408K, 99% used [0x0000000080000000,0x0000000084f634f0,0x0000000084f80000)
 Metaspace       used 65155K, committed 66560K, reserved 1114112K
  class space    used 7689K, committed 8320K, reserved 1048576K
}
Event: 180.727 GC heap before
{Heap before GC invocations=77 (full 3):
 PSYoungGen      total 9216K, used 8960K [0x00000000d5580000, 0x00000000d5f80000, 0x0000000100000000)
  eden space 8192K, 100% used [0x00000000d5580000,0x00000000d5d80000,0x00000000d5d80000)
  from space 1024K, 75% used [0x00000000d5d80000,0x00000000d5e40000,0x00000000d5e80000)
  to   space 1024K, 0% used [0x00000000d5e80000,0x00000000d5e80000,0x00000000d5f80000)
 ParOldGen       total 81408K, used 81293K [0x0000000080000000, 0x0000000084f80000, 0x00000000d5580000)
  object space 81408K, 99% used [0x0000000080000000,0x0000000084f634f0,0x0000000084f80000)
 Metaspace       used 65227K, committed 66624K, reserved 1114112K
  class space    used 7694K, committed 8320K, reserved 1048576K
}
Event: 180.730 GC heap after
{Heap after GC invocations=77 (full 3):
 PSYoungGen      total 9216K, used 704K [0x00000000d5580000, 0x00000000d5f80000, 0x0000000100000000)
  eden space 8192K, 0% used [0x00000000d5580000,0x00000000d5580000,0x00000000d5d80000)
  from space 1024K, 68% used [0x00000000d5e80000,0x00000000d5f30000,0x00000000d5f80000)
  to   space 1024K, 0% used [0x00000000d5d80000,0x00000000d5d80000,0x00000000d5e80000)
 ParOldGen       total 81920K, used 81898K [0x0000000080000000, 0x0000000085000000, 0x00000000d5580000)
  object space 81920K, 99% used [0x0000000080000000,0x0000000084ffa848,0x0000000085000000)
 Metaspace       used 65227K, committed 66624K, reserved 1114112K
  class space    used 7694K, committed 8320K, reserved 1048576K
}
Event: 180.794 GC heap before
{Heap before GC invocations=78 (full 3):
 PSYoungGen      total 9216K, used 8896K [0x00000000d5580000, 0x00000000d5f80000, 0x0000000100000000)
  eden space 8192K, 100% used [0x00000000d5580000,0x00000000d5d80000,0x00000000d5d80000)
  from space 1024K, 68% used [0x00000000d5e80000,0x00000000d5f30000,0x00000000d5f80000)
  to   space 1024K, 0% used [0x00000000d5d80000,0x00000000d5d80000,0x00000000d5e80000)
 ParOldGen       total 81920K, used 81898K [0x0000000080000000, 0x0000000085000000, 0x00000000d5580000)
  object space 81920K, 99% used [0x0000000080000000,0x0000000084ffa848,0x0000000085000000)
 Metaspace       used 65316K, committed 66688K, reserved 1114112K
  class space    used 7704K, committed 8320K, reserved 1048576K
}
Event: 180.797 GC heap after
{Heap after GC invocations=78 (full 3):
 PSYoungGen      total 9216K, used 896K [0x00000000d5580000, 0x00000000d5f80000, 0x0000000100000000)
  eden space 8192K, 0% used [0x00000000d5580000,0x00000000d5580000,0x00000000d5d80000)
  from space 1024K, 87% used [0x00000000d5d80000,0x00000000d5e60010,0x00000000d5e80000)
  to   space 1024K, 0% used [0x00000000d5e80000,0x00000000d5e80000,0x00000000d5f80000)
 ParOldGen       total 82944K, used 82442K [0x0000000080000000, 0x0000000085100000, 0x00000000d5580000)
  object space 82944K, 99% used [0x0000000080000000,0x0000000085082868,0x0000000085100000)
 Metaspace       used 65316K, committed 66688K, reserved 1114112K
  class space    used 7704K, committed 8320K, reserved 1048576K
}
Event: 180.917 GC heap before
{Heap before GC invocations=79 (full 3):
 PSYoungGen      total 9216K, used 9088K [0x00000000d5580000, 0x00000000d5f80000, 0x0000000100000000)
  eden space 8192K, 100% used [0x00000000d5580000,0x00000000d5d80000,0x00000000d5d80000)
  from space 1024K, 87% used [0x00000000d5d80000,0x00000000d5e60010,0x00000000d5e80000)
  to   space 1024K, 0% used [0x00000000d5e80000,0x00000000d5e80000,0x00000000d5f80000)
 ParOldGen       total 82944K, used 82442K [0x0000000080000000, 0x0000000085100000, 0x00000000d5580000)
  object space 82944K, 99% used [0x0000000080000000,0x0000000085082868,0x0000000085100000)
 Metaspace       used 65477K, committed 66880K, reserved 1114112K
  class space    used 7719K, committed 8320K, reserved 1048576K
}
Event: 180.919 GC heap after
{Heap after GC invocations=79 (full 3):
 PSYoungGen      total 9216K, used 496K [0x00000000d5580000, 0x00000000d5f80000, 0x0000000100000000)
  eden space 8192K, 0% used [0x00000000d5580000,0x00000000d5580000,0x00000000d5d80000)
  from space 1024K, 48% used [0x00000000d5e80000,0x00000000d5efc030,0x00000000d5f80000)
  to   space 1024K, 0% used [0x00000000d5d80000,0x00000000d5d80000,0x00000000d5e80000)
 ParOldGen       total 83456K, used 83178K [0x0000000080000000, 0x0000000085180000, 0x00000000d5580000)
  object space 83456K, 99% used [0x0000000080000000,0x000000008513a878,0x0000000085180000)
 Metaspace       used 65477K, committed 66880K, reserved 1114112K
  class space    used 7719K, committed 8320K, reserved 1048576K
}
Event: 181.021 GC heap before
{Heap before GC invocations=80 (full 3):
 PSYoungGen      total 9216K, used 8688K [0x00000000d5580000, 0x00000000d5f80000, 0x0000000100000000)
  eden space 8192K, 99% used [0x00000000d5580000,0x00000000d5d7fff8,0x00000000d5d80000)
  from space 1024K, 48% used [0x00000000d5e80000,0x00000000d5efc030,0x00000000d5f80000)
  to   space 1024K, 0% used [0x00000000d5d80000,0x00000000d5d80000,0x00000000d5e80000)
 ParOldGen       total 83456K, used 83178K [0x0000000080000000, 0x0000000085180000, 0x00000000d5580000)
  object space 83456K, 99% used [0x0000000080000000,0x000000008513a878,0x0000000085180000)
 Metaspace       used 65538K, committed 66944K, reserved 1114112K
  class space    used 7721K, committed 8320K, reserved 1048576K
}
Event: 181.024 GC heap after
{Heap after GC invocations=80 (full 3):
 PSYoungGen      total 9216K, used 576K [0x00000000d5580000, 0x00000000d5f80000, 0x0000000100000000)
  eden space 8192K, 0% used [0x00000000d5580000,0x00000000d5580000,0x00000000d5d80000)
  from space 1024K, 56% used [0x00000000d5d80000,0x00000000d5e10000,0x00000000d5e80000)
  to   space 1024K, 0% used [0x00000000d5e80000,0x00000000d5e80000,0x00000000d5f80000)
 ParOldGen       total 83968K, used 83615K [0x0000000080000000, 0x0000000085200000, 0x00000000d5580000)
  object space 83968K, 99% used [0x0000000080000000,0x00000000851a7d28,0x0000000085200000)
 Metaspace       used 65538K, committed 66944K, reserved 1114112K
  class space    used 7721K, committed 8320K, reserved 1048576K
}
Event: 181.073 GC heap before
{Heap before GC invocations=81 (full 3):
 PSYoungGen      total 9216K, used 8768K [0x00000000d5580000, 0x00000000d5f80000, 0x0000000100000000)
  eden space 8192K, 100% used [0x00000000d5580000,0x00000000d5d80000,0x00000000d5d80000)
  from space 1024K, 56% used [0x00000000d5d80000,0x00000000d5e10000,0x00000000d5e80000)
  to   space 1024K, 0% used [0x00000000d5e80000,0x00000000d5e80000,0x00000000d5f80000)
 ParOldGen       total 83968K, used 83615K [0x0000000080000000, 0x0000000085200000, 0x00000000d5580000)
  object space 83968K, 99% used [0x0000000080000000,0x00000000851a7d28,0x0000000085200000)
 Metaspace       used 65557K, committed 67008K, reserved 1114112K
  class space    used 7721K, committed 8320K, reserved 1048576K
}
Event: 181.076 GC heap after
{Heap after GC invocations=81 (full 3):
 PSYoungGen      total 9216K, used 736K [0x00000000d5580000, 0x00000000d5f80000, 0x0000000100000000)
  eden space 8192K, 0% used [0x00000000d5580000,0x00000000d5580000,0x00000000d5d80000)
  from space 1024K, 71% used [0x00000000d5e80000,0x00000000d5f38000,0x00000000d5f80000)
  to   space 1024K, 0% used [0x00000000d5d80000,0x00000000d5d80000,0x00000000d5e80000)
 ParOldGen       total 84480K, used 84012K [0x0000000080000000, 0x0000000085280000, 0x00000000d5580000)
  object space 84480K, 99% used [0x0000000080000000,0x000000008520b1a8,0x0000000085280000)
 Metaspace       used 65557K, committed 67008K, reserved 1114112K
  class space    used 7721K, committed 8320K, reserved 1048576K
}
Event: 181.128 GC heap before
{Heap before GC invocations=82 (full 3):
 PSYoungGen      total 9216K, used 8928K [0x00000000d5580000, 0x00000000d5f80000, 0x0000000100000000)
  eden space 8192K, 100% used [0x00000000d5580000,0x00000000d5d80000,0x00000000d5d80000)
  from space 1024K, 71% used [0x00000000d5e80000,0x00000000d5f38000,0x00000000d5f80000)
  to   space 1024K, 0% used [0x00000000d5d80000,0x00000000d5d80000,0x00000000d5e80000)
 ParOldGen       total 84480K, used 84012K [0x0000000080000000, 0x0000000085280000, 0x00000000d5580000)
  object space 84480K, 99% used [0x0000000080000000,0x000000008520b1a8,0x0000000085280000)
 Metaspace       used 65567K, committed 67008K, reserved 1114112K
  class space    used 7721K, committed 8320K, reserved 1048576K
}
Event: 181.131 GC heap after
{Heap after GC invocations=82 (full 3):
 PSYoungGen      total 9216K, used 864K [0x00000000d5580000, 0x00000000d5f80000, 0x0000000100000000)
  eden space 8192K, 0% used [0x00000000d5580000,0x00000000d5580000,0x00000000d5d80000)
  from space 1024K, 84% used [0x00000000d5d80000,0x00000000d5e58000,0x00000000d5e80000)
  to   space 1024K, 0% used [0x00000000d5e80000,0x00000000d5e80000,0x00000000d5f80000)
 ParOldGen       total 84992K, used 84508K [0x0000000080000000, 0x0000000085300000, 0x00000000d5580000)
  object space 84992K, 99% used [0x0000000080000000,0x00000000852871a8,0x0000000085300000)
 Metaspace       used 65567K, committed 67008K, reserved 1114112K
  class space    used 7721K, committed 8320K, reserved 1048576K
}
Event: 181.169 GC heap before
{Heap before GC invocations=83 (full 3):
 PSYoungGen      total 9216K, used 9056K [0x00000000d5580000, 0x00000000d5f80000, 0x0000000100000000)
  eden space 8192K, 100% used [0x00000000d5580000,0x00000000d5d80000,0x00000000d5d80000)
  from space 1024K, 84% used [0x00000000d5d80000,0x00000000d5e58000,0x00000000d5e80000)
  to   space 1024K, 0% used [0x00000000d5e80000,0x00000000d5e80000,0x00000000d5f80000)
 ParOldGen       total 84992K, used 84508K [0x0000000080000000, 0x0000000085300000, 0x00000000d5580000)
  object space 84992K, 99% used [0x0000000080000000,0x00000000852871a8,0x0000000085300000)
 Metaspace       used 65570K, committed 67008K, reserved 1114112K
  class space    used 7722K, committed 8320K, reserved 1048576K
}
Event: 181.171 GC heap after
{Heap after GC invocations=83 (full 3):
 PSYoungGen      total 9216K, used 768K [0x00000000d5580000, 0x00000000d5f80000, 0x0000000100000000)
  eden space 8192K, 0% used [0x00000000d5580000,0x00000000d5580000,0x00000000d5d80000)
  from space 1024K, 75% used [0x00000000d5e80000,0x00000000d5f40000,0x00000000d5f80000)
  to   space 1024K, 0% used [0x00000000d5d80000,0x00000000d5d80000,0x00000000d5e80000)
 ParOldGen       total 85504K, used 85232K [0x0000000080000000, 0x0000000085380000, 0x00000000d5580000)
  object space 85504K, 99% used [0x0000000080000000,0x000000008533c068,0x0000000085380000)
 Metaspace       used 65570K, committed 67008K, reserved 1114112K
  class space    used 7722K, committed 8320K, reserved 1048576K
}
Event: 181.243 GC heap before
{Heap before GC invocations=84 (full 3):
 PSYoungGen      total 9216K, used 8960K [0x00000000d5580000, 0x00000000d5f80000, 0x0000000100000000)
  eden space 8192K, 100% used [0x00000000d5580000,0x00000000d5d80000,0x00000000d5d80000)
  from space 1024K, 75% used [0x00000000d5e80000,0x00000000d5f40000,0x00000000d5f80000)
  to   space 1024K, 0% used [0x00000000d5d80000,0x00000000d5d80000,0x00000000d5e80000)
 ParOldGen       total 85504K, used 85232K [0x0000000080000000, 0x0000000085380000, 0x00000000d5580000)
  object space 85504K, 99% used [0x0000000080000000,0x000000008533c068,0x0000000085380000)
 Metaspace       used 65597K, committed 67008K, reserved 1114112K
  class space    used 7722K, committed 8320K, reserved 1048576K
}
Event: 181.245 GC heap after
{Heap after GC invocations=84 (full 3):
 PSYoungGen      total 9216K, used 592K [0x00000000d5580000, 0x00000000d5f80000, 0x0000000100000000)
  eden space 8192K, 0% used [0x00000000d5580000,0x00000000d5580000,0x00000000d5d80000)
  from space 1024K, 57% used [0x00000000d5d80000,0x00000000d5e14010,0x00000000d5e80000)
  to   space 1024K, 0% used [0x00000000d5e80000,0x00000000d5e80000,0x00000000d5f80000)
 ParOldGen       total 86016K, used 85792K [0x0000000080000000, 0x0000000085400000, 0x00000000d5580000)
  object space 86016K, 99% used [0x0000000080000000,0x00000000853c8068,0x0000000085400000)
 Metaspace       used 65597K, committed 67008K, reserved 1114112K
  class space    used 7722K, committed 8320K, reserved 1048576K
}
Event: 60237.667 GC heap before
{Heap before GC invocations=85 (full 3):
 PSYoungGen      total 9216K, used 8784K [0x00000000d5580000, 0x00000000d5f80000, 0x0000000100000000)
  eden space 8192K, 100% used [0x00000000d5580000,0x00000000d5d80000,0x00000000d5d80000)
  from space 1024K, 57% used [0x00000000d5d80000,0x00000000d5e14010,0x00000000d5e80000)
  to   space 1024K, 0% used [0x00000000d5e80000,0x00000000d5e80000,0x00000000d5f80000)
 ParOldGen       total 86016K, used 85792K [0x0000000080000000, 0x0000000085400000, 0x00000000d5580000)
  object space 86016K, 99% used [0x0000000080000000,0x00000000853c8068,0x0000000085400000)
 Metaspace       used 65789K, committed 67200K, reserved 1114112K
  class space    used 7728K, committed 8320K, reserved 1048576K
}
Event: 60237.882 GC heap after
{Heap after GC invocations=85 (full 3):
 PSYoungGen      total 8704K, used 384K [0x00000000d5580000, 0x00000000d5f00000, 0x0000000100000000)
  eden space 8192K, 0% used [0x00000000d5580000,0x00000000d5580000,0x00000000d5d80000)
  from space 512K, 75% used [0x00000000d5e80000,0x00000000d5ee0000,0x00000000d5f00000)
  to   space 512K, 0% used [0x00000000d5e00000,0x00000000d5e00000,0x00000000d5e80000)
 ParOldGen       total 86528K, used 86234K [0x0000000080000000, 0x0000000085480000, 0x00000000d5580000)
  object space 86528K, 99% used [0x0000000080000000,0x0000000085436850,0x0000000085480000)
 Metaspace       used 65789K, committed 67200K, reserved 1114112K
  class space    used 7728K, committed 8320K, reserved 1048576K
}

